116131@IDBM-PC Startzeit: 28.10 15:32:29,750| mit PID <0.1122.0>
lokal registriert mit name: 116131 und Pid: <0.1122.0>
..bind.done.
Nameservice bind 
Beim Koordinator angemeldet
Ein test 
116131@IDBM-PC Startzeit: 28.10 17:05:40,690| mit PID <0.1304.0>
lokal registriert mit name: 116131 und Pid: <0.1304.0>
..bind.done.
Nameservice bind 
Beim Koordinator angemeldet
116131@IDBM-PC Startzeit: 28.10 17:07:30,700| mit PID <0.1469.0>
lokal registriert mit name: 116131 und Pid: <0.1469.0>
..bind.done.
Nameservice bind 
Beim Koordinator angemeldet
lokal registriert mit name: 116131 und Pid: <0.1641.0>
116131@IDBM-PC Startzeit: 28.10 17:09:51,880| mit PID <0.1641.0>
..bind.done.
Nameservice bind 
Beim Koordinator angemeldet
116131@IDBM-PC Startzeit: 28.10 17:11:10,470| mit PID <0.1805.0>
lokal registriert mit name: 116131 und Pid: <0.1805.0>
..bind.done.
Nameservice bind 
Beim Koordinator angemeldet
116131@IDBM-PC Startzeit: 28.10 17:14:54,440| mit PID <0.1971.0>
lokal registriert mit name: 116131 und Pid: <0.1971.0>
..bind.done.
Nameservice bind 
Beim Koordinator angemeldet
116131@IDBM-PC Startzeit: 28.10 17:16:30,910| mit PID <0.2143.0>
lokal registriert mit name: 116131 und Pid: <0.2143.0>
..bind.done.
Nameservice bind 
Beim Koordinator angemeldet
116131@IDBM-PC Startzeit: 28.10 17:29:39,440| mit PID <0.2308.0>
lokal registriert mit name: 116131 und Pid: <0.2308.0>
..bind.done.
Nameservice bind 
Beim Koordinator angemeldet
116131@IDBM-PC Startzeit: 28.10 17:32:20,290| mit PID <0.2471.0>
lokal registriert mit name: 116131 und Pid: <0.2471.0>
..bind.done.
Nameservice bind 
Beim Koordinator angemeldet
116131@IDBM-PC Startzeit: 28.10 17:34:34,876| mit PID <0.2645.0>
lokal registriert mit name: 116131 und Pid: <0.2645.0>
..bind.done.
Nameservice bind 
Beim Koordinator angemeldet
116131@IDBM-PC Startzeit: 28.10 17:35:41,236| mit PID <0.2809.0>
lokal registriert mit name: 116131 und Pid: <0.2809.0>
..bind.done.
Nameservice bind 
Beim Koordinator angemeldet
116131@IDBM-PC Startzeit: 28.10 17:41:09,010| mit PID <0.92.0>
lokal registriert mit name: 116131 und Pid: <0.92.0>
..bind.done.
Nameservice bind 
Beim Koordinator angemeldet
116131@IDBM-PC Startzeit: 28.10 17:45:01,780| mit PID <0.265.0>
lokal registriert mit name: 116131 und Pid: <0.265.0>
..bind.done.
Nameservice bind 
Beim Koordinator angemeldet
116131@IDBM-PC Startzeit: 28.10 17:47:41,650| mit PID <0.433.0>
lokal registriert mit name: 116131 und Pid: <0.433.0>
..bind.done.
Nameservice bind 
Beim Koordinator angemeldet
116131@IDBM-PC Startzeit: 28.10 17:48:48,900| mit PID <0.603.0>
lokal registriert mit name: 116131 und Pid: <0.603.0>
..bind.done.
Nameservice bind 
Beim Koordinator angemeldet
116131@IDBM-PC Startzeit: 28.10 17:51:39,317| mit PID <0.775.0>
lokal registriert mit name: 116131 und Pid: <0.775.0>
..bind.done.
Nameservice bind 
Beim Koordinator angemeldet
116131@IDBM-PC Startzeit: 28.10 17:54:49,497| mit PID <0.944.0>
lokal registriert mit name: 116131 und Pid: <0.944.0>
..bind.done.
Nameservice bind 
Beim Koordinator angemeldet
lokal registriert mit name: 116131 und Pid: <0.1114.0>
116131@IDBM-PC Startzeit: 28.10 17:56:50,879| mit PID <0.1114.0>
..bind.done.
Nameservice bind 
Beim Koordinator angemeldet
116131@IDBM-PC Startzeit: 28.10 17:58:33,297| mit PID <0.1283.0>
lokal registriert mit name: 116131 und Pid: <0.1283.0>
..bind.done.
Nameservice bind 
Beim Koordinator angemeldet
116131@IDBM-PC Startzeit: 28.10 18:00:35,679| mit PID <0.1452.0>
lokal registriert mit name: 116131 und Pid: <0.1452.0>
..bind.done.
Nameservice bind 
Beim Koordinator angemeldet
116131@IDBM-PC Startzeit: 28.10 18:02:41,017| mit PID <0.1633.0>
lokal registriert mit name: 116131 und Pid: <0.1633.0>
..bind.done.
Nameservice bind 
Beim Koordinator angemeldet
116131@IDBM-PC Startzeit: 28.10 18:03:51,687| mit PID <0.1802.0>
lokal registriert mit name: 116131 und Pid: <0.1802.0>
..bind.done.
Nameservice bind 
Beim Koordinator angemeldet
116131@IDBM-PC Startzeit: 28.10 18:04:23,077| mit PID <0.1964.0>
lokal registriert mit name: 116131 und Pid: <0.1964.0>
..bind.done.
Nameservice bind 
Beim Koordinator angemeldet
116131@IDBM-PC Startzeit: 28.10 18:09:07,879| mit PID <0.2134.0>
lokal registriert mit name: 116131 und Pid: <0.2134.0>
..bind.done.
Nameservice bind 
Beim Koordinator angemeldet
Linker Nachbar: 116424 (116424) 
Rechter Nachbar: 116414 (116414) 
Me: 116131 
116131@IDBM-PC Startzeit: 28.10 18:12:09,117| mit PID <0.2353.0>
lokal registriert mit name: 116131 und Pid: <0.2353.0>
..bind.done.
Nameservice bind 
Beim Koordinator angemeldet
Linker Nachbar: 116414 (116414) 
Rechter Nachbar: 116232 (116232) 
Me: 116131 
116131@IDBM-PC Startzeit: 28.10 18:25:58,127| mit PID <0.2571.0>
lokal registriert mit name: 116131 und Pid: <0.2571.0>
..bind.done.
Nameservice bind 
Beim Koordinator angemeldet
Linker Nachbar: 116424 (116424) gebunden 
Rechter Nachbar: 116414 (116414) gebunden 
