116222@IDBM-PC Startzeit: 28.10 15:32:31,560| mit PID <0.1169.0>
lokal registriert mit name: 116222 und Pid: <0.1169.0>
..bind.done.
Nameservice bind 
Beim Koordinator angemeldet
Ein test 
116222@IDBM-PC Startzeit: 28.10 17:05:43,000| mit PID <0.1352.0>
lokal registriert mit name: 116222 und Pid: <0.1352.0>
..bind.done.
Nameservice bind 
Beim Koordinator angemeldet
116222@IDBM-PC Startzeit: 28.10 17:07:33,490| mit PID <0.1515.0>
lokal registriert mit name: 116222 und Pid: <0.1515.0>
..bind.done.
Nameservice bind 
Beim Koordinator angemeldet
lokal registriert mit name: 116222 und Pid: <0.1691.0>
116222@IDBM-PC Startzeit: 28.10 17:09:52,010| mit PID <0.1691.0>
..bind.done.
Nameservice bind 
Beim Koordinator angemeldet
lokal registriert mit name: 116222 und Pid: <0.1855.0>
116222@IDBM-PC Startzeit: 28.10 17:11:15,350| mit PID <0.1855.0>
..bind.done.
Nameservice bind 
Beim Koordinator angemeldet
lokal registriert mit name: 116222 und Pid: <0.2019.0>
116222@IDBM-PC Startzeit: 28.10 17:14:57,310| mit PID <0.2019.0>
..bind.done.
Nameservice bind 
Beim Koordinator angemeldet
116222@IDBM-PC Startzeit: 28.10 17:16:32,500| mit PID <0.2191.0>
lokal registriert mit name: 116222 und Pid: <0.2191.0>
..bind.done.
Nameservice bind 
Beim Koordinator angemeldet
116222@IDBM-PC Startzeit: 28.10 17:29:41,100| mit PID <0.2356.0>
lokal registriert mit name: 116222 und Pid: <0.2356.0>
..bind.done.
Nameservice bind 
Beim Koordinator angemeldet
116222@IDBM-PC Startzeit: 28.10 17:32:21,860| mit PID <0.2519.0>
lokal registriert mit name: 116222 und Pid: <0.2519.0>
..bind.done.
Nameservice bind 
Beim Koordinator angemeldet
116222@IDBM-PC Startzeit: 28.10 17:34:36,416| mit PID <0.2693.0>
lokal registriert mit name: 116222 und Pid: <0.2693.0>
..bind.done.
Nameservice bind 
Beim Koordinator angemeldet
116222@IDBM-PC Startzeit: 28.10 17:35:42,446| mit PID <0.2857.0>
lokal registriert mit name: 116222 und Pid: <0.2857.0>
..bind.done.
Nameservice bind 
Beim Koordinator angemeldet
116222@IDBM-PC Startzeit: 28.10 17:41:14,030| mit PID <0.141.0>
lokal registriert mit name: 116222 und Pid: <0.141.0>
..bind.done.
Nameservice bind 
Beim Koordinator angemeldet
116222@IDBM-PC Startzeit: 28.10 17:45:03,160| mit PID <0.314.0>
lokal registriert mit name: 116222 und Pid: <0.314.0>
..bind.done.
Nameservice bind 
Beim Koordinator angemeldet
116222@IDBM-PC Startzeit: 28.10 17:47:42,660| mit PID <0.483.0>
lokal registriert mit name: 116222 und Pid: <0.483.0>
..bind.done.
Nameservice bind 
Beim Koordinator angemeldet
116222@IDBM-PC Startzeit: 28.10 17:48:52,930| mit PID <0.651.0>
lokal registriert mit name: 116222 und Pid: <0.651.0>
..bind.done.
Nameservice bind 
Beim Koordinator angemeldet
116222@IDBM-PC Startzeit: 28.10 17:51:40,137| mit PID <0.824.0>
lokal registriert mit name: 116222 und Pid: <0.824.0>
..bind.done.
Nameservice bind 
Beim Koordinator angemeldet
116222@IDBM-PC Startzeit: 28.10 17:54:51,187| mit PID <0.993.0>
lokal registriert mit name: 116222 und Pid: <0.993.0>
..bind.done.
Nameservice bind 
Beim Koordinator angemeldet
lokal registriert mit name: 116222 und Pid: <0.1162.0>
116222@IDBM-PC Startzeit: 28.10 17:56:51,547| mit PID <0.1162.0>
..bind.done.
Nameservice bind 
Beim Koordinator angemeldet
lokal registriert mit name: 116222 und Pid: <0.1331.0>
116222@IDBM-PC Startzeit: 28.10 17:58:34,687| mit PID <0.1331.0>
..bind.done.
Nameservice bind 
Beim Koordinator angemeldet
116222@IDBM-PC Startzeit: 28.10 18:00:35,157| mit PID <0.1500.0>
lokal registriert mit name: 116222 und Pid: <0.1500.0>
..bind.done.
Nameservice bind 
Beim Koordinator angemeldet
116222@IDBM-PC Startzeit: 28.10 18:02:42,627| mit PID <0.1679.0>
lokal registriert mit name: 116222 und Pid: <0.1679.0>
..bind.done.
Nameservice bind 
Beim Koordinator angemeldet
116222@IDBM-PC Startzeit: 28.10 18:03:52,517| mit PID <0.1850.0>
lokal registriert mit name: 116222 und Pid: <0.1850.0>
..bind.done.
Nameservice bind 
Beim Koordinator angemeldet
116222@IDBM-PC Startzeit: 28.10 18:04:24,217| mit PID <0.2012.0>
lokal registriert mit name: 116222 und Pid: <0.2012.0>
..bind.done.
Nameservice bind 
Beim Koordinator angemeldet
116222@IDBM-PC Startzeit: 28.10 18:09:07,727| mit PID <0.2182.0>
lokal registriert mit name: 116222 und Pid: <0.2182.0>
..bind.done.
Nameservice bind 
Beim Koordinator angemeldet
Linker Nachbar: 116232 (116232) 
Rechter Nachbar: 116212 (116212) 
Me: 116222 
116222@IDBM-PC Startzeit: 28.10 18:12:10,747| mit PID <0.2401.0>
lokal registriert mit name: 116222 und Pid: <0.2401.0>
..bind.done.
Nameservice bind 
Beim Koordinator angemeldet
Linker Nachbar: 116232 (116232) 
Rechter Nachbar: 116212 (116212) 
Me: 116222 
116222@IDBM-PC Startzeit: 28.10 18:26:00,179| mit PID <0.2619.0>
lokal registriert mit name: 116222 und Pid: <0.2619.0>
..bind.done.
Nameservice bind 
Beim Koordinator angemeldet
Linker Nachbar: 116232 (116232) gebunden 
Rechter Nachbar: 116212 (116212) gebunden 
