116333@IDBM-PC Startzeit: 28.10 15:32:34,920| mit PID <0.1224.0>
lokal registriert mit name: 116333 und Pid: <0.1224.0>
..bind.done.
Nameservice bind 
Beim Koordinator angemeldet
Ein test 
116333@IDBM-PC Startzeit: 28.10 17:05:44,780| mit PID <0.1405.0>
lokal registriert mit name: 116333 und Pid: <0.1405.0>
..bind.done.
Nameservice bind 
Beim Koordinator angemeldet
116333@IDBM-PC Startzeit: 28.10 17:07:36,000| mit PID <0.1569.0>
lokal registriert mit name: 116333 und Pid: <0.1569.0>
..bind.done.
Nameservice bind 
Beim Koordinator angemeldet
116333@IDBM-PC Startzeit: 28.10 17:09:54,900| mit PID <0.1745.0>
lokal registriert mit name: 116333 und Pid: <0.1745.0>
..bind.done.
Nameservice bind 
Beim Koordinator angemeldet
116333@IDBM-PC Startzeit: 28.10 17:11:17,540| mit PID <0.1907.0>
lokal registriert mit name: 116333 und Pid: <0.1907.0>
..bind.done.
Nameservice bind 
Beim Koordinator angemeldet
lokal registriert mit name: 116333 und Pid: <0.2071.0>
116333@IDBM-PC Startzeit: 28.10 17:14:58,630| mit PID <0.2071.0>
..bind.done.
Nameservice bind 
Beim Koordinator angemeldet
116333@IDBM-PC Startzeit: 28.10 17:16:32,750| mit PID <0.2247.0>
lokal registriert mit name: 116333 und Pid: <0.2247.0>
..bind.done.
Nameservice bind 
Beim Koordinator angemeldet
116333@IDBM-PC Startzeit: 28.10 17:29:42,470| mit PID <0.2410.0>
lokal registriert mit name: 116333 und Pid: <0.2410.0>
..bind.done.
Nameservice bind 
Beim Koordinator angemeldet
116333@IDBM-PC Startzeit: 28.10 17:32:23,550| mit PID <0.2573.0>
lokal registriert mit name: 116333 und Pid: <0.2573.0>
..bind.done.
Nameservice bind 
Beim Koordinator angemeldet
116333@IDBM-PC Startzeit: 28.10 17:34:39,667| mit PID <0.2747.0>
lokal registriert mit name: 116333 und Pid: <0.2747.0>
..bind.done.
Nameservice bind 
Beim Koordinator angemeldet
116333@IDBM-PC Startzeit: 28.10 17:35:43,956| mit PID <0.2911.0>
lokal registriert mit name: 116333 und Pid: <0.2911.0>
..bind.done.
Nameservice bind 
Beim Koordinator angemeldet
116333@IDBM-PC Startzeit: 28.10 17:41:21,530| mit PID <0.195.0>
lokal registriert mit name: 116333 und Pid: <0.195.0>
..bind.done.
Nameservice bind 
Beim Koordinator angemeldet
116333@IDBM-PC Startzeit: 28.10 17:45:04,640| mit PID <0.368.0>
lokal registriert mit name: 116333 und Pid: <0.368.0>
..bind.done.
Nameservice bind 
Beim Koordinator angemeldet
116333@IDBM-PC Startzeit: 28.10 17:47:43,310| mit PID <0.537.0>
lokal registriert mit name: 116333 und Pid: <0.537.0>
..bind.done.
Nameservice bind 
Beim Koordinator angemeldet
116333@IDBM-PC Startzeit: 28.10 17:48:53,230| mit PID <0.705.0>
lokal registriert mit name: 116333 und Pid: <0.705.0>
..bind.done.
Nameservice bind 
Beim Koordinator angemeldet
116333@IDBM-PC Startzeit: 28.10 17:51:41,967| mit PID <0.877.0>
lokal registriert mit name: 116333 und Pid: <0.877.0>
..bind.done.
Nameservice bind 
Beim Koordinator angemeldet
116333@IDBM-PC Startzeit: 28.10 17:54:52,547| mit PID <0.1049.0>
lokal registriert mit name: 116333 und Pid: <0.1049.0>
..bind.done.
Nameservice bind 
Beim Koordinator angemeldet
116333@IDBM-PC Startzeit: 28.10 17:56:52,687| mit PID <0.1217.0>
lokal registriert mit name: 116333 und Pid: <0.1217.0>
..bind.done.
Nameservice bind 
Beim Koordinator angemeldet
116333@IDBM-PC Startzeit: 28.10 17:58:35,137| mit PID <0.1385.0>
lokal registriert mit name: 116333 und Pid: <0.1385.0>
..bind.done.
Nameservice bind 
Beim Koordinator angemeldet
116333@IDBM-PC Startzeit: 28.10 18:00:36,447| mit PID <0.1553.0>
lokal registriert mit name: 116333 und Pid: <0.1553.0>
..bind.done.
Nameservice bind 
Beim Koordinator angemeldet
116333@IDBM-PC Startzeit: 28.10 18:02:43,457| mit PID <0.1733.0>
lokal registriert mit name: 116333 und Pid: <0.1733.0>
..bind.done.
Nameservice bind 
Beim Koordinator angemeldet
116333@IDBM-PC Startzeit: 28.10 18:03:53,097| mit PID <0.1902.0>
lokal registriert mit name: 116333 und Pid: <0.1902.0>
..bind.done.
Nameservice bind 
Beim Koordinator angemeldet
116333@IDBM-PC Startzeit: 28.10 18:04:25,737| mit PID <0.2066.0>
lokal registriert mit name: 116333 und Pid: <0.2066.0>
..bind.done.
Nameservice bind 
Beim Koordinator angemeldet
116333@IDBM-PC Startzeit: 28.10 18:09:09,879| mit PID <0.2236.0>
lokal registriert mit name: 116333 und Pid: <0.2236.0>
..bind.done.
Nameservice bind 
Beim Koordinator angemeldet
Linker Nachbar: 116323 (116323) 
Rechter Nachbar: 116535 (116535) 
Me: 116333 
116333@IDBM-PC Startzeit: 28.10 18:12:11,797| mit PID <0.2457.0>
lokal registriert mit name: 116333 und Pid: <0.2457.0>
..bind.done.
Nameservice bind 
Beim Koordinator angemeldet
Linker Nachbar: 116323 (116323) 
Rechter Nachbar: 116535 (116535) 
Me: 116333 
116333@IDBM-PC Startzeit: 28.10 18:26:01,897| mit PID <0.2673.0>
lokal registriert mit name: 116333 und Pid: <0.2673.0>
..bind.done.
Nameservice bind 
Beim Koordinator angemeldet
Linker Nachbar: 116323 (116323) gebunden 
Rechter Nachbar: 116535 (116535) gebunden 
