116323@IDBM-PC Startzeit: 28.10 15:32:34,920| mit PID <0.1221.0>
lokal registriert mit name: 116323 und Pid: <0.1221.0>
..bind.done.
Nameservice bind 
Beim Koordinator angemeldet
Ein test 
lokal registriert mit name: 116323 und Pid: <0.1402.0>
116323@IDBM-PC Startzeit: 28.10 17:05:44,780| mit PID <0.1402.0>
..bind.done.
Nameservice bind 
Beim Koordinator angemeldet
lokal registriert mit name: 116323 und Pid: <0.1566.0>
116323@IDBM-PC Startzeit: 28.10 17:07:36,000| mit PID <0.1566.0>
..bind.done.
Nameservice bind 
Beim Koordinator angemeldet
116323@IDBM-PC Startzeit: 28.10 17:09:54,900| mit PID <0.1740.0>
lokal registriert mit name: 116323 und Pid: <0.1740.0>
..bind.done.
Nameservice bind 
Beim Koordinator angemeldet
lokal registriert mit name: 116323 und Pid: <0.1904.0>
116323@IDBM-PC Startzeit: 28.10 17:11:17,540| mit PID <0.1904.0>
..bind.done.
Nameservice bind 
Beim Koordinator angemeldet
lokal registriert mit name: 116323 und Pid: <0.2068.0>
116323@IDBM-PC Startzeit: 28.10 17:14:58,630| mit PID <0.2068.0>
..bind.done.
Nameservice bind 
Beim Koordinator angemeldet
116323@IDBM-PC Startzeit: 28.10 17:16:32,750| mit PID <0.2244.0>
lokal registriert mit name: 116323 und Pid: <0.2244.0>
..bind.done.
Nameservice bind 
Beim Koordinator angemeldet
116323@IDBM-PC Startzeit: 28.10 17:29:42,310| mit PID <0.2407.0>
lokal registriert mit name: 116323 und Pid: <0.2407.0>
..bind.done.
Nameservice bind 
Beim Koordinator angemeldet
116323@IDBM-PC Startzeit: 28.10 17:32:23,550| mit PID <0.2570.0>
lokal registriert mit name: 116323 und Pid: <0.2570.0>
..bind.done.
Nameservice bind 
Beim Koordinator angemeldet
116323@IDBM-PC Startzeit: 28.10 17:34:39,667| mit PID <0.2744.0>
lokal registriert mit name: 116323 und Pid: <0.2744.0>
..bind.done.
Nameservice bind 
Beim Koordinator angemeldet
116323@IDBM-PC Startzeit: 28.10 17:35:43,956| mit PID <0.2908.0>
lokal registriert mit name: 116323 und Pid: <0.2908.0>
..bind.done.
Nameservice bind 
Beim Koordinator angemeldet
116323@IDBM-PC Startzeit: 28.10 17:41:21,530| mit PID <0.192.0>
lokal registriert mit name: 116323 und Pid: <0.192.0>
..bind.done.
Nameservice bind 
Beim Koordinator angemeldet
116323@IDBM-PC Startzeit: 28.10 17:45:04,640| mit PID <0.365.0>
lokal registriert mit name: 116323 und Pid: <0.365.0>
..bind.done.
Nameservice bind 
Beim Koordinator angemeldet
116323@IDBM-PC Startzeit: 28.10 17:47:43,310| mit PID <0.534.0>
lokal registriert mit name: 116323 und Pid: <0.534.0>
..bind.done.
Nameservice bind 
Beim Koordinator angemeldet
116323@IDBM-PC Startzeit: 28.10 17:48:53,230| mit PID <0.702.0>
lokal registriert mit name: 116323 und Pid: <0.702.0>
..bind.done.
Nameservice bind 
Beim Koordinator angemeldet
116323@IDBM-PC Startzeit: 28.10 17:51:41,967| mit PID <0.874.0>
lokal registriert mit name: 116323 und Pid: <0.874.0>
..bind.done.
Nameservice bind 
Beim Koordinator angemeldet
116323@IDBM-PC Startzeit: 28.10 17:54:52,547| mit PID <0.1046.0>
lokal registriert mit name: 116323 und Pid: <0.1046.0>
..bind.done.
Nameservice bind 
Beim Koordinator angemeldet
lokal registriert mit name: 116323 und Pid: <0.1214.0>
116323@IDBM-PC Startzeit: 28.10 17:56:52,687| mit PID <0.1214.0>
..bind.done.
Nameservice bind 
Beim Koordinator angemeldet
lokal registriert mit name: 116323 und Pid: <0.1382.0>
116323@IDBM-PC Startzeit: 28.10 17:58:35,137| mit PID <0.1382.0>
..bind.done.
Nameservice bind 
Beim Koordinator angemeldet
lokal registriert mit name: 116323 und Pid: <0.1550.0>
116323@IDBM-PC Startzeit: 28.10 18:00:36,447| mit PID <0.1550.0>
..bind.done.
Nameservice bind 
Beim Koordinator angemeldet
116323@IDBM-PC Startzeit: 28.10 18:02:43,457| mit PID <0.1730.0>
lokal registriert mit name: 116323 und Pid: <0.1730.0>
..bind.done.
Nameservice bind 
Beim Koordinator angemeldet
116323@IDBM-PC Startzeit: 28.10 18:03:53,097| mit PID <0.1899.0>
lokal registriert mit name: 116323 und Pid: <0.1899.0>
..bind.done.
Nameservice bind 
Beim Koordinator angemeldet
116323@IDBM-PC Startzeit: 28.10 18:04:25,737| mit PID <0.2063.0>
lokal registriert mit name: 116323 und Pid: <0.2063.0>
..bind.done.
Nameservice bind 
Beim Koordinator angemeldet
116323@IDBM-PC Startzeit: 28.10 18:09:09,879| mit PID <0.2233.0>
lokal registriert mit name: 116323 und Pid: <0.2233.0>
..bind.done.
Nameservice bind 
Beim Koordinator angemeldet
Linker Nachbar: 116434 (116434) 
Rechter Nachbar: 116333 (116333) 
Me: 116323 
116323@IDBM-PC Startzeit: 28.10 18:12:11,797| mit PID <0.2454.0>
lokal registriert mit name: 116323 und Pid: <0.2454.0>
..bind.done.
Nameservice bind 
Beim Koordinator angemeldet
Linker Nachbar: 116434 (116434) 
Rechter Nachbar: 116333 (116333) 
Me: 116323 
116323@IDBM-PC Startzeit: 28.10 18:26:01,897| mit PID <0.2670.0>
lokal registriert mit name: 116323 und Pid: <0.2670.0>
..bind.done.
Nameservice bind 
Beim Koordinator angemeldet
Linker Nachbar: 116434 (116434) gebunden 
Rechter Nachbar: 116333 (116333) gebunden 
