116434@IDBM-PC Startzeit: 01.11 23:53:56,742| mit PID <0.7540.0>
lokal registriert mit name: 116434 und Pid: <0.7540.0>
..bind.done.
Nameservice bind 
Beim Koordinator angemeldet
Linker Nachbar: 116414 (116414) gebunden 
Rechter Nachbar: 116424 (116424) gebunden 
116434@IDBM-PC Startzeit: 01.11 23:56:13,872| mit PID <0.7686.0>
lokal registriert mit name: 116434 und Pid: <0.7686.0>
..bind.done.
Nameservice bind 
Beim Koordinator angemeldet
Linker Nachbar: 116414 (116414) gebunden 
Rechter Nachbar: 116424 (116424) gebunden 
116434@IDBM-PC Startzeit: 01.11 23:58:10,962| mit PID <0.7824.0>
lokal registriert mit name: 116434 und Pid: <0.7824.0>
..bind.done.
Nameservice bind 
Beim Koordinator angemeldet
116434@IDBM-PC Startzeit: 02.11 00:00:18,332| mit PID <0.7950.0>
lokal registriert mit name: 116434 und Pid: <0.7950.0>
..bind.done.
Nameservice bind 
Beim Koordinator angemeldet
116434@IDBM-PC Startzeit: 02.11 00:01:08,722| mit PID <0.8077.0>
lokal registriert mit name: 116434 und Pid: <0.8077.0>
..bind.done.
Nameservice bind 
Beim Koordinator angemeldet
Linker Nachbar: 116414 (116414) gebunden 
Rechter Nachbar: 116424 (116424) gebunden 
 initiales Mi 782691525
