116424@IDBM-PC Startzeit: 28.10 15:32:45,020| mit PID <0.803.0>
lokal registriert mit name: 116424 und Pid: <0.803.0>
..bind.done.
Nameservice bind 
Beim Koordinator angemeldet
Ein test 
116424@IDBM-PC Startzeit: 28.10 17:05:54,000| mit PID <0.940.0>
lokal registriert mit name: 116424 und Pid: <0.940.0>
..bind.done.
Nameservice bind 
Beim Koordinator angemeldet
116424@IDBM-PC Startzeit: 28.10 17:07:43,700| mit PID <0.1052.0>
lokal registriert mit name: 116424 und Pid: <0.1052.0>
..bind.done.
Nameservice bind 
Beim Koordinator angemeldet
116424@IDBM-PC Startzeit: 28.10 17:10:01,548| mit PID <0.1165.0>
lokal registriert mit name: 116424 und Pid: <0.1165.0>
..bind.done.
Nameservice bind 
Beim Koordinator angemeldet
116424@IDBM-PC Startzeit: 28.10 17:11:24,788| mit PID <0.1278.0>
lokal registriert mit name: 116424 und Pid: <0.1278.0>
..bind.done.
Nameservice bind 
Beim Koordinator angemeldet
116424@IDBM-PC Startzeit: 28.10 17:15:05,100| mit PID <0.1391.0>
lokal registriert mit name: 116424 und Pid: <0.1391.0>
..bind.done.
Nameservice bind 
Beim Koordinator angemeldet
116424@IDBM-PC Startzeit: 28.10 17:16:39,659| mit PID <0.1504.0>
lokal registriert mit name: 116424 und Pid: <0.1504.0>
..bind.done.
Nameservice bind 
Beim Koordinator angemeldet
116424@IDBM-PC Startzeit: 28.10 17:29:50,800| mit PID <0.1617.0>
lokal registriert mit name: 116424 und Pid: <0.1617.0>
..bind.done.
Nameservice bind 
Beim Koordinator angemeldet
116424@IDBM-PC Startzeit: 28.10 17:32:29,950| mit PID <0.1732.0>
lokal registriert mit name: 116424 und Pid: <0.1732.0>
..bind.done.
Nameservice bind 
Beim Koordinator angemeldet
lokal registriert mit name: 116424 und Pid: <0.1843.0>
116424@IDBM-PC Startzeit: 28.10 17:34:48,080| mit PID <0.1843.0>
..bind.done.
Nameservice bind 
Beim Koordinator angemeldet
116424@IDBM-PC Startzeit: 28.10 17:35:51,762| mit PID <0.1946.0>
lokal registriert mit name: 116424 und Pid: <0.1946.0>
..bind.done.
Nameservice bind 
Beim Koordinator angemeldet
116424@IDBM-PC Startzeit: 28.10 17:42:31,070| mit PID <0.93.0>
lokal registriert mit name: 116424 und Pid: <0.93.0>
..bind.done.
Nameservice bind 
Beim Koordinator angemeldet
116424@IDBM-PC Startzeit: 28.10 17:45:18,670| mit PID <0.216.0>
lokal registriert mit name: 116424 und Pid: <0.216.0>
..bind.done.
Nameservice bind 
Beim Koordinator angemeldet
116424@IDBM-PC Startzeit: 28.10 17:47:53,740| mit PID <0.339.0>
lokal registriert mit name: 116424 und Pid: <0.339.0>
..bind.done.
Nameservice bind 
Beim Koordinator angemeldet
116424@IDBM-PC Startzeit: 28.10 17:49:19,500| mit PID <0.468.0>
lokal registriert mit name: 116424 und Pid: <0.468.0>
..bind.done.
Nameservice bind 
Beim Koordinator angemeldet
Linker Nachbar: 116535 (116535) 
Rechter Nachbar: 116131 (116131) 
116424@IDBM-PC Startzeit: 28.10 17:51:52,660| mit PID <0.589.0>
lokal registriert mit name: 116424 und Pid: <0.589.0>
..bind.done.
Nameservice bind 
Beim Koordinator angemeldet
Linker Nachbar: 116535 (116535) 
Rechter Nachbar: 116131 (116131) 
Me: 116424 
116424@IDBM-PC Startzeit: 28.10 17:55:01,534| mit PID <0.714.0>
lokal registriert mit name: 116424 und Pid: <0.714.0>
..bind.done.
Nameservice bind 
Beim Koordinator angemeldet
Linker Nachbar: 116535 (116535) 
Rechter Nachbar: 116131 (116131) 
Me: 116424 
116424@IDBM-PC Startzeit: 28.10 17:57:02,439| mit PID <0.838.0>
lokal registriert mit name: 116424 und Pid: <0.838.0>
..bind.done.
Nameservice bind 
Beim Koordinator angemeldet
Linker Nachbar: 116535 (116535) 
Rechter Nachbar: 116131 (116131) 
Me: 116424 
116424@IDBM-PC Startzeit: 28.10 17:58:42,930| mit PID <0.962.0>
lokal registriert mit name: 116424 und Pid: <0.962.0>
..bind.done.
Nameservice bind 
Beim Koordinator angemeldet
Linker Nachbar: 116535 (116535) 
Rechter Nachbar: 116131 (116131) 
Me: 116424 
116424@IDBM-PC Startzeit: 28.10 18:00:45,630| mit PID <0.1085.0>
lokal registriert mit name: 116424 und Pid: <0.1085.0>
..bind.done.
Nameservice bind 
Beim Koordinator angemeldet
Linker Nachbar: 116535 (116535) 
Rechter Nachbar: 116131 (116131) 
Me: 116424 
116424@IDBM-PC Startzeit: 28.10 18:02:51,290| mit PID <0.1211.0>
lokal registriert mit name: 116424 und Pid: <0.1211.0>
..bind.done.
Nameservice bind 
Beim Koordinator angemeldet
116424@IDBM-PC Startzeit: 28.10 18:04:02,300| mit PID <0.1327.0>
lokal registriert mit name: 116424 und Pid: <0.1327.0>
..bind.done.
Nameservice bind 
Beim Koordinator angemeldet
116424@IDBM-PC Startzeit: 28.10 18:04:34,900| mit PID <0.1440.0>
lokal registriert mit name: 116424 und Pid: <0.1440.0>
..bind.done.
Nameservice bind 
Beim Koordinator angemeldet
Linker Nachbar: 116535 (116535) 
Rechter Nachbar: 116131 (116131) 
Me: 116424 
116424@IDBM-PC Startzeit: 28.10 18:09:19,760| mit PID <0.1560.0>
lokal registriert mit name: 116424 und Pid: <0.1560.0>
..bind.done.
Nameservice bind 
Beim Koordinator angemeldet
Linker Nachbar: 116535 (116535) 
Rechter Nachbar: 116131 (116131) 
Me: 116424 
116424@IDBM-PC Startzeit: 28.10 18:12:18,030| mit PID <0.1707.0>
lokal registriert mit name: 116424 und Pid: <0.1707.0>
..bind.done.
Nameservice bind 
Beim Koordinator angemeldet
Linker Nachbar: 116535 (116535) 
Rechter Nachbar: 116111 (116111) 
Me: 116424 
lokal registriert mit name: 116424 und Pid: <0.1856.0>
116424@IDBM-PC Startzeit: 28.10 18:26:09,090| mit PID <0.1856.0>
..bind.done.
Nameservice bind 
Beim Koordinator angemeldet
Linker Nachbar: 116535 (116535) gebunden 
Rechter Nachbar: 116131 (116131) gebunden 
