116414@IDBM-PC Startzeit: 28.10 15:32:45,019| mit PID <0.800.0>
lokal registriert mit name: 116414 und Pid: <0.800.0>
..bind.done.
Nameservice bind 
Beim Koordinator angemeldet
Ein test 
116414@IDBM-PC Startzeit: 28.10 17:05:54,001| mit PID <0.937.0>
lokal registriert mit name: 116414 und Pid: <0.937.0>
..bind.done.
Nameservice bind 
Beim Koordinator angemeldet
116414@IDBM-PC Startzeit: 28.10 17:07:43,700| mit PID <0.1049.0>
lokal registriert mit name: 116414 und Pid: <0.1049.0>
..bind.done.
Nameservice bind 
Beim Koordinator angemeldet
116414@IDBM-PC Startzeit: 28.10 17:10:01,548| mit PID <0.1162.0>
lokal registriert mit name: 116414 und Pid: <0.1162.0>
..bind.done.
Nameservice bind 
Beim Koordinator angemeldet
116414@IDBM-PC Startzeit: 28.10 17:11:24,788| mit PID <0.1275.0>
lokal registriert mit name: 116414 und Pid: <0.1275.0>
..bind.done.
Nameservice bind 
Beim Koordinator angemeldet
116414@IDBM-PC Startzeit: 28.10 17:15:05,099| mit PID <0.1388.0>
lokal registriert mit name: 116414 und Pid: <0.1388.0>
..bind.done.
Nameservice bind 
Beim Koordinator angemeldet
116414@IDBM-PC Startzeit: 28.10 17:16:39,510| mit PID <0.1501.0>
lokal registriert mit name: 116414 und Pid: <0.1501.0>
..bind.done.
Nameservice bind 
Beim Koordinator angemeldet
116414@IDBM-PC Startzeit: 28.10 17:29:50,799| mit PID <0.1614.0>
lokal registriert mit name: 116414 und Pid: <0.1614.0>
..bind.done.
Nameservice bind 
Beim Koordinator angemeldet
116414@IDBM-PC Startzeit: 28.10 17:32:29,950| mit PID <0.1729.0>
lokal registriert mit name: 116414 und Pid: <0.1729.0>
..bind.done.
Nameservice bind 
Beim Koordinator angemeldet
lokal registriert mit name: 116414 und Pid: <0.1840.0>
116414@IDBM-PC Startzeit: 28.10 17:34:48,080| mit PID <0.1840.0>
..bind.done.
Nameservice bind 
Beim Koordinator angemeldet
116414@IDBM-PC Startzeit: 28.10 17:35:51,762| mit PID <0.1943.0>
lokal registriert mit name: 116414 und Pid: <0.1943.0>
..bind.done.
Nameservice bind 
Beim Koordinator angemeldet
116414@IDBM-PC Startzeit: 28.10 17:42:31,070| mit PID <0.90.0>
lokal registriert mit name: 116414 und Pid: <0.90.0>
..bind.done.
Nameservice bind 
Beim Koordinator angemeldet
116414@IDBM-PC Startzeit: 28.10 17:45:18,670| mit PID <0.213.0>
lokal registriert mit name: 116414 und Pid: <0.213.0>
..bind.done.
Nameservice bind 
Beim Koordinator angemeldet
116414@IDBM-PC Startzeit: 28.10 17:47:53,740| mit PID <0.336.0>
lokal registriert mit name: 116414 und Pid: <0.336.0>
..bind.done.
Nameservice bind 
Beim Koordinator angemeldet
116414@IDBM-PC Startzeit: 28.10 17:49:19,500| mit PID <0.465.0>
lokal registriert mit name: 116414 und Pid: <0.465.0>
..bind.done.
Nameservice bind 
Beim Koordinator angemeldet
116414@IDBM-PC Startzeit: 28.10 17:51:52,659| mit PID <0.586.0>
lokal registriert mit name: 116414 und Pid: <0.586.0>
..bind.done.
Nameservice bind 
Beim Koordinator angemeldet
116414@IDBM-PC Startzeit: 28.10 17:55:01,534| mit PID <0.711.0>
lokal registriert mit name: 116414 und Pid: <0.711.0>
..bind.done.
Nameservice bind 
Beim Koordinator angemeldet
116414@IDBM-PC Startzeit: 28.10 17:57:02,280| mit PID <0.835.0>
lokal registriert mit name: 116414 und Pid: <0.835.0>
..bind.done.
Nameservice bind 
Beim Koordinator angemeldet
116414@IDBM-PC Startzeit: 28.10 17:58:42,929| mit PID <0.959.0>
lokal registriert mit name: 116414 und Pid: <0.959.0>
..bind.done.
Nameservice bind 
Beim Koordinator angemeldet
116414@IDBM-PC Startzeit: 28.10 18:00:45,630| mit PID <0.1082.0>
lokal registriert mit name: 116414 und Pid: <0.1082.0>
..bind.done.
Nameservice bind 
Beim Koordinator angemeldet
116414@IDBM-PC Startzeit: 28.10 18:02:51,290| mit PID <0.1208.0>
lokal registriert mit name: 116414 und Pid: <0.1208.0>
..bind.done.
Nameservice bind 
Beim Koordinator angemeldet
116414@IDBM-PC Startzeit: 28.10 18:04:02,700| mit PID <0.1324.0>
lokal registriert mit name: 116414 und Pid: <0.1324.0>
..bind.done.
Nameservice bind 
Beim Koordinator angemeldet
116414@IDBM-PC Startzeit: 28.10 18:04:34,900| mit PID <0.1437.0>
lokal registriert mit name: 116414 und Pid: <0.1437.0>
..bind.done.
Nameservice bind 
Beim Koordinator angemeldet
116414@IDBM-PC Startzeit: 28.10 18:09:19,759| mit PID <0.1557.0>
lokal registriert mit name: 116414 und Pid: <0.1557.0>
..bind.done.
Nameservice bind 
Beim Koordinator angemeldet
Linker Nachbar: 116131 (116131) 
Rechter Nachbar: 116111 (116111) 
Me: 116414 
lokal registriert mit name: 116414 und Pid: <0.1704.0>
116414@IDBM-PC Startzeit: 28.10 18:12:18,030| mit PID <0.1704.0>
..bind.done.
Nameservice bind 
Beim Koordinator angemeldet
Linker Nachbar: 116111 (116111) 
Rechter Nachbar: 116131 (116131) 
Me: 116414 
lokal registriert mit name: 116414 und Pid: <0.1853.0>
116414@IDBM-PC Startzeit: 28.10 18:26:09,089| mit PID <0.1853.0>
..bind.done.
Nameservice bind 
Beim Koordinator angemeldet
Linker Nachbar: 116131 (116131) gebunden 
Rechter Nachbar: 116111 (116111) gebunden 
