116515@IDBM-PC Startzeit: 01.11 23:53:57,852| mit PID <0.7585.0>
lokal registriert mit name: 116515 und Pid: <0.7585.0>
..bind.done.
Nameservice bind 
Beim Koordinator angemeldet
Linker Nachbar: 116424 (116424) gebunden 
Rechter Nachbar: 116535 (116535) gebunden 
116515@IDBM-PC Startzeit: 01.11 23:56:13,512| mit PID <0.7731.0>
lokal registriert mit name: 116515 und Pid: <0.7731.0>
..bind.done.
Nameservice bind 
Beim Koordinator angemeldet
Linker Nachbar: 116424 (116424) gebunden 
Rechter Nachbar: 116535 (116535) gebunden 
116515@IDBM-PC Startzeit: 01.11 23:58:11,412| mit PID <0.7869.0>
lokal registriert mit name: 116515 und Pid: <0.7869.0>
..bind.done.
Nameservice bind 
Beim Koordinator angemeldet
116515@IDBM-PC Startzeit: 02.11 00:00:18,422| mit PID <0.7995.0>
lokal registriert mit name: 116515 und Pid: <0.7995.0>
..bind.done.
Nameservice bind 
Beim Koordinator angemeldet
116515@IDBM-PC Startzeit: 02.11 00:01:08,332| mit PID <0.8122.0>
lokal registriert mit name: 116515 und Pid: <0.8122.0>
..bind.done.
Nameservice bind 
Beim Koordinator angemeldet
Linker Nachbar: 116424 (116424) gebunden 
Rechter Nachbar: 116535 (116535) gebunden 
 initiales Mi 1575
