116535@IDBM-PC Startzeit: 01.11 23:53:57,012| mit PID <0.7591.0>
lokal registriert mit name: 116535 und Pid: <0.7591.0>
..bind.done.
Nameservice bind 
Beim Koordinator angemeldet
Linker Nachbar: 116515 (116515) gebunden 
Rechter Nachbar: 116525 (116525) gebunden 
116535@IDBM-PC Startzeit: 01.11 23:56:13,512| mit PID <0.7737.0>
lokal registriert mit name: 116535 und Pid: <0.7737.0>
..bind.done.
Nameservice bind 
Beim Koordinator angemeldet
Linker Nachbar: 116515 (116515) gebunden 
Rechter Nachbar: 116525 (116525) gebunden 
116535@IDBM-PC Startzeit: 01.11 23:58:11,412| mit PID <0.7875.0>
lokal registriert mit name: 116535 und Pid: <0.7875.0>
..bind.done.
Nameservice bind 
Beim Koordinator angemeldet
116535@IDBM-PC Startzeit: 02.11 00:00:18,422| mit PID <0.8001.0>
lokal registriert mit name: 116535 und Pid: <0.8001.0>
..bind.done.
Nameservice bind 
Beim Koordinator angemeldet
116535@IDBM-PC Startzeit: 02.11 00:01:08,332| mit PID <0.8128.0>
lokal registriert mit name: 116535 und Pid: <0.8128.0>
..bind.done.
Nameservice bind 
Beim Koordinator angemeldet
Linker Nachbar: 116515 (116515) gebunden 
Rechter Nachbar: 116525 (116525) gebunden 
 initiales Mi 1769229
