116525@IDBM-PC Startzeit: 28.10 15:32:47,770| mit PID <0.854.0>
lokal registriert mit name: 116525 und Pid: <0.854.0>
..bind.done.
Nameservice bind 
Beim Koordinator angemeldet
Ein test 
116525@IDBM-PC Startzeit: 28.10 17:05:57,790| mit PID <0.990.0>
lokal registriert mit name: 116525 und Pid: <0.990.0>
..bind.done.
Nameservice bind 
Beim Koordinator angemeldet
116525@IDBM-PC Startzeit: 28.10 17:07:45,040| mit PID <0.1103.0>
lokal registriert mit name: 116525 und Pid: <0.1103.0>
..bind.done.
Nameservice bind 
Beim Koordinator angemeldet
116525@IDBM-PC Startzeit: 28.10 17:10:03,118| mit PID <0.1218.0>
lokal registriert mit name: 116525 und Pid: <0.1218.0>
..bind.done.
Nameservice bind 
Beim Koordinator angemeldet
116525@IDBM-PC Startzeit: 28.10 17:11:26,338| mit PID <0.1331.0>
lokal registriert mit name: 116525 und Pid: <0.1331.0>
..bind.done.
Nameservice bind 
Beim Koordinator angemeldet
116525@IDBM-PC Startzeit: 28.10 17:15:07,610| mit PID <0.1442.0>
lokal registriert mit name: 116525 und Pid: <0.1442.0>
..bind.done.
Nameservice bind 
Beim Koordinator angemeldet
116525@IDBM-PC Startzeit: 28.10 17:16:42,770| mit PID <0.1555.0>
lokal registriert mit name: 116525 und Pid: <0.1555.0>
..bind.done.
Nameservice bind 
Beim Koordinator angemeldet
lokal registriert mit name: 116525 und Pid: <0.1669.0>
116525@IDBM-PC Startzeit: 28.10 17:29:51,080| mit PID <0.1669.0>
..bind.done.
Nameservice bind 
Beim Koordinator angemeldet
116525@IDBM-PC Startzeit: 28.10 17:32:30,960| mit PID <0.1781.0>
lokal registriert mit name: 116525 und Pid: <0.1781.0>
..bind.done.
Nameservice bind 
Beim Koordinator angemeldet
lokal registriert mit name: 116525 und Pid: <0.1894.0>
116525@IDBM-PC Startzeit: 28.10 17:34:49,920| mit PID <0.1894.0>
..bind.done.
Nameservice bind 
Beim Koordinator angemeldet
lokal registriert mit name: 116525 und Pid: <0.1997.0>
116525@IDBM-PC Startzeit: 28.10 17:35:54,192| mit PID <0.1997.0>
..bind.done.
Nameservice bind 
Beim Koordinator angemeldet
116525@IDBM-PC Startzeit: 28.10 17:42:38,440| mit PID <0.146.0>
lokal registriert mit name: 116525 und Pid: <0.146.0>
..bind.done.
Nameservice bind 
Beim Koordinator angemeldet
116525@IDBM-PC Startzeit: 28.10 17:45:21,750| mit PID <0.267.0>
lokal registriert mit name: 116525 und Pid: <0.267.0>
..bind.done.
Nameservice bind 
Beim Koordinator angemeldet
116525@IDBM-PC Startzeit: 28.10 17:47:55,210| mit PID <0.392.0>
lokal registriert mit name: 116525 und Pid: <0.392.0>
..bind.done.
Nameservice bind 
Beim Koordinator angemeldet
116525@IDBM-PC Startzeit: 28.10 17:49:20,660| mit PID <0.519.0>
lokal registriert mit name: 116525 und Pid: <0.519.0>
..bind.done.
Nameservice bind 
Beim Koordinator angemeldet
116525@IDBM-PC Startzeit: 28.10 17:51:53,950| mit PID <0.640.0>
lokal registriert mit name: 116525 und Pid: <0.640.0>
..bind.done.
Nameservice bind 
Beim Koordinator angemeldet
116525@IDBM-PC Startzeit: 28.10 17:55:02,470| mit PID <0.764.0>
lokal registriert mit name: 116525 und Pid: <0.764.0>
..bind.done.
Nameservice bind 
Beim Koordinator angemeldet
116525@IDBM-PC Startzeit: 28.10 17:57:03,600| mit PID <0.889.0>
lokal registriert mit name: 116525 und Pid: <0.889.0>
..bind.done.
Nameservice bind 
Beim Koordinator angemeldet
116525@IDBM-PC Startzeit: 28.10 17:58:43,910| mit PID <0.1012.0>
lokal registriert mit name: 116525 und Pid: <0.1012.0>
..bind.done.
Nameservice bind 
Beim Koordinator angemeldet
116525@IDBM-PC Startzeit: 28.10 18:00:46,640| mit PID <0.1137.0>
lokal registriert mit name: 116525 und Pid: <0.1137.0>
..bind.done.
Nameservice bind 
Beim Koordinator angemeldet
116525@IDBM-PC Startzeit: 28.10 18:02:52,900| mit PID <0.1260.0>
lokal registriert mit name: 116525 und Pid: <0.1260.0>
..bind.done.
Nameservice bind 
Beim Koordinator angemeldet
116525@IDBM-PC Startzeit: 28.10 18:04:03,280| mit PID <0.1378.0>
lokal registriert mit name: 116525 und Pid: <0.1378.0>
..bind.done.
Nameservice bind 
Beim Koordinator angemeldet
116525@IDBM-PC Startzeit: 28.10 18:04:35,550| mit PID <0.1491.0>
lokal registriert mit name: 116525 und Pid: <0.1491.0>
..bind.done.
Nameservice bind 
Beim Koordinator angemeldet
lokal registriert mit name: 116525 und Pid: <0.1611.0>
116525@IDBM-PC Startzeit: 28.10 18:09:20,800| mit PID <0.1611.0>
..bind.done.
Nameservice bind 
Beim Koordinator angemeldet
Linker Nachbar: 116121 (116121) 
Rechter Nachbar: 116313 (116313) 
Me: 116525 
lokal registriert mit name: 116525 und Pid: <0.1758.0>
116525@IDBM-PC Startzeit: 28.10 18:12:19,290| mit PID <0.1758.0>
..bind.done.
Nameservice bind 
Beim Koordinator angemeldet
Linker Nachbar: 116121 (116121) 
Rechter Nachbar: 116313 (116313) 
Me: 116525 
116525@IDBM-PC Startzeit: 28.10 18:26:10,760| mit PID <0.1906.0>
lokal registriert mit name: 116525 und Pid: <0.1906.0>
..bind.done.
Nameservice bind 
Beim Koordinator angemeldet
Linker Nachbar: 116121 (116121) gebunden 
Rechter Nachbar: 116313 (116313) gebunden 
