Starter@IDBM-PC Startzeit: 28.10 19:44:48,469| mit PID <0.732.0>
ggt.cfg gelesen 
Nameservice bind 
getsteeringval
ArbeitsZeit: 3; TermZeit: 3; GGTProzessnummer3
..bind.done.
Starter@IDBM-PC Startzeit: 28.10 19:44:51,650| mit PID <0.783.0>
ggt.cfg gelesen 
Nameservice bind 
getsteeringval
ArbeitsZeit: 3; TermZeit: 3; GGTProzessnummer3
..bind.done.
Starter@IDBM-PC Startzeit: 28.10 19:44:54,169| mit PID <0.834.0>
ggt.cfg gelesen 
Nameservice bind 
getsteeringval
ArbeitsZeit: 3; TermZeit: 3; GGTProzessnummer3
..bind.done.
Starter@IDBM-PC Startzeit: 28.10 19:45:00,729| mit PID <0.447.0>
ggt.cfg gelesen 
Nameservice bind 
getsteeringval
ArbeitsZeit: 3; TermZeit: 3; GGTProzessnummer3
..bind.done.
Starter@IDBM-PC Startzeit: 28.10 19:45:01,259| mit PID <0.498.0>
ggt.cfg gelesen 
Nameservice bind 
getsteeringval
ArbeitsZeit: 3; TermZeit: 3; GGTProzessnummer3
..bind.done.
